-------------------------------------------------------------------------------
Test set: jp.te4a.spring.boot.myapp6.MyBootApp6ApplicationTests
-------------------------------------------------------------------------------
Tests run: 1, Failures: 0, Errors: 1, Skipped: 0, Time elapsed: 0.217 s <<< FAILURE! - in jp.te4a.spring.boot.myapp6.MyBootApp6ApplicationTests
jp.te4a.spring.boot.myapp6.MyBootApp6ApplicationTests  Time elapsed: 0.217 s  <<< ERROR!
java.lang.IllegalStateException: Unable to find a @SpringBootConfiguration, you need to use @ContextConfiguration or @SpringBootTest(classes=...) with your test

